* using log directory ‘/Users/mqbxgjk2/Dropbox/Dark/..Rcheck’
* using R version 4.4.0 (2024-04-24)
* using platform: aarch64-apple-darwin20
* R was compiled by
    Apple clang version 14.0.0 (clang-1400.0.29.202)
    GNU Fortran (GCC) 12.2.0
* running under: macOS Sonoma 14.6.1
* using session charset: UTF-8
* checking for file ‘./DESCRIPTION’ ... OK
* checking extension type ... Package
* this is package ‘Dark’ version ‘0.9.9’
* package encoding: UTF-8
* checking package namespace information ... OK
* checking package dependencies ... OK
* checking if this is a source package ... NOTE
Subdirectory ‘Dark.Rcheck/Dark’ seems to contain an installed version of the package.
* checking if there is a namespace ... OK
* checking for executable files ... OK
* checking for hidden files and directories ... NOTE
Found the following hidden files and directories:
  .DS_Store
  .Rhistory
  .gitignore
  .travis.yml
  Dark.Rcheck/.DS_Store
  Dark.Rcheck/00_pkg_src/.DS_Store
  Dark.Rcheck/Dark/.DS_Store
  R/.DS_Store
  R/.Rapp.history
  data/.DS_Store
  man/.DS_Store
  man/.Rapp.history
  tests/.DS_Store
  vignettes/.DS_Store
  ..Rcheck
  .Rproj.user
  .git
  .github
These were most likely included in error. See section ‘Package
structure’ in the ‘Writing R Extensions’ manual.
* checking for portable file names ... OK
* checking for sufficient/correct file permissions ... OK
* checking whether package ‘Dark’ can be installed ... OK
* checking installed package size ... OK
* checking package directory ... OK
* checking DESCRIPTION meta-information ... NOTE
Checking should be performed on sources prepared by ‘R CMD build’.
* checking top-level files ... OK
* checking for left-over files ... OK
* checking index information ... OK
* checking package subdirectories ... WARNING
Found the following directories with names of check directories:
  ./..Rcheck
  ./Dark.Rcheck
  ./Dark.Rproj.Rcheck
Most likely, these were included erroneously.
Problems with news in ‘NEWS.md’:
No news entries found.
* checking code files for non-ASCII characters ... OK
* checking R files for syntax errors ... OK
* checking whether the package can be loaded ... OK
* checking whether the package can be loaded with stated dependencies ... OK
* checking whether the package can be unloaded cleanly ... OK
* checking whether the namespace can be loaded with stated dependencies ... OK
* checking whether the namespace can be unloaded cleanly ... OK
* checking dependencies in R code ... OK
* checking S3 generic/method consistency ... OK
* checking replacement functions ... OK
* checking foreign function calls ... OK
* checking R code for possible problems ... OK
* checking Rd files ... OK
* checking Rd metadata ... OK
* checking Rd cross-references ... OK
* checking for missing documentation entries ... OK
* checking for code/documentation mismatches ... OK
* checking Rd \usage sections ... OK
* checking Rd contents ... OK
* checking for unstated dependencies in examples ... OK
* checking contents of ‘data’ directory ... OK
* checking data for non-ASCII characters ... OK
* checking LazyData ... OK
* checking data for ASCII and uncompressed saves ... OK
* checking files in ‘vignettes’ ... WARNING
Files in the 'vignettes' directory but no files in 'inst/doc':
  ‘Workflow.R’ ‘Workflow.Rmd’ ‘Workflow.html’ ‘dark.rda’
  ‘parameter_exp.R’ ‘parameter_exp.Rmd’ ‘parameter_exp.html’
* checking examples ... OK
* checking for unstated dependencies in vignettes ... OK
* checking package vignettes ... WARNING
Directory 'inst/doc' does not exist.
Package vignettes without corresponding single PDF/HTML:
  ‘Workflow.Rmd’
  ‘parameter_exp.Rmd’
* checking re-building of vignette outputs ... OK
* checking PDF version of manual ... OK
* DONE
Status: 3 WARNINGs, 3 NOTEs
